19:49:13:576 [main] INFO  testCases.TC006_AddToCartPageTest - Checking the actual price with the expected price
19:54:56:556 [main] INFO  org.testng.internal.Utils - [TestNG] Running:
  C:\Users\HP\eclipse-workspace\OpenCartV01\master.xml

19:55:04:014 [main] INFO  testCases.TC006_AddToCartPageTest - **********TC006_AddToCartPageTest is started**********
19:55:19:516 [main] INFO  testCases.TC006_AddToCartPageTest - Checking the actual price with the expected price
19:57:46:377 [main] INFO  org.testng.internal.Utils - [TestNG] Running:
  C:\Users\HP\eclipse-workspace\OpenCartV01\master.xml

19:57:53:750 [main] INFO  testCases.TC006_AddToCartPageTest - **********TC006_AddToCartPageTest is started**********
19:58:09:016 [main] INFO  testCases.TC006_AddToCartPageTest - Checking the actual price with the expected price
20:11:06:141 [main] INFO  org.testng.internal.Utils - [TestNG] Running:
  C:\Users\HP\eclipse-workspace\OpenCartV01\master.xml

20:11:13:447 [main] INFO  testCases.TC006_AddToCartPageTest - **********TC006_AddToCartPageTest is started**********
20:11:28:190 [main] INFO  testCases.TC006_AddToCartPageTest - Checking the actual price with the expected price
20:21:43:470 [main] INFO  org.testng.internal.Utils - [TestNG] Running:
  C:\Users\HP\eclipse-workspace\OpenCartV01\master.xml

20:21:52:808 [main] INFO  testCases.TC006_AddToCartPageTest - **********TC006_AddToCartPageTest is started**********
20:22:07:218 [main] INFO  testCases.TC006_AddToCartPageTest - Checking the actual price with the expected price
20:37:35:500 [main] INFO  org.testng.internal.Utils - [TestNG] Running:
  C:\Users\HP\eclipse-workspace\OpenCartV01\master.xml

20:37:42:336 [main] INFO  testCases.TC006_AddToCartPageTest - **********TC006_AddToCartPageTest is started**********
20:37:52:981 [main] INFO  testCases.TC006_AddToCartPageTest - Validating the actual price with the expected price
20:37:53:244 [main] INFO  testCases.TC006_AddToCartPageTest - *********TC006_AddToCartPageTest is finished*************
20:54:02:686 [main] INFO  org.testng.internal.Utils - [TestNG] Running:
  C:\Users\HP\eclipse-workspace\OpenCartV01\testng.xml

20:54:03:238 [TestNG-tests-2] INFO  testCases.TC002_LoginPageTest - ************* Starting test TC002_LoginPageTest *************
20:54:03:285 [TestNG-tests-2] INFO  testCases.TC002_LoginPageTest - Click on MyAccount link
20:54:11:067 [TestNG-tests-1] INFO  testCases.TC002_LoginPageTest - ************* Starting test TC002_LoginPageTest *************
20:54:11:067 [TestNG-tests-1] INFO  testCases.TC002_LoginPageTest - Click on MyAccount link
20:54:11:325 [TestNG-tests-1] INFO  testCases.TC002_LoginPageTest - Click on Login link
20:54:12:161 [TestNG-tests-1] INFO  testCases.TC002_LoginPageTest - Providing valid login data
20:54:16:032 [TestNG-tests-1] INFO  testCases.TC002_LoginPageTest - ************* TC002_LoginPageTest test is passed *************
20:59:08:332 [main] INFO  org.testng.internal.Utils - [TestNG] Running:
  C:\Users\HP\eclipse-workspace\OpenCartV01\master.xml

20:59:15:362 [main] INFO  testCases.TC006_AddToCartPageTest - **********TC006_AddToCartPageTest is started**********
21:00:18:956 [main] INFO  org.testng.internal.Utils - [TestNG] Running:
  C:\Users\HP\eclipse-workspace\OpenCartV01\master.xml

21:00:26:779 [main] INFO  testCases.TC006_AddToCartPageTest - **********TC006_AddToCartPageTest is started**********
21:01:20:014 [main] INFO  org.testng.internal.Utils - [TestNG] Running:
  C:\Users\HP\eclipse-workspace\OpenCartV01\master.xml

21:01:26:806 [main] INFO  testCases.TC006_AddToCartPageTest - **********TC006_AddToCartPageTest is started**********
21:01:42:343 [main] INFO  testCases.TC006_AddToCartPageTest - Validating the actual price with the expected price
21:01:42:553 [main] INFO  testCases.TC006_AddToCartPageTest - *********TC006_AddToCartPageTest is finished*************
